<?xml version="1.0" encoding="UTF-8"?>
<!-- Generated by org.testng.reporters.JUnitReportReporter -->
<testsuite hostname="LAPTOP-088GH95J" failures="0" tests="1" name="com.RCCTest.TestCases.TC_StudentPortal_101" time="13.767" errors="0" timestamp="2022-06-24T13:48:12 EDT" skipped="0">
  <testcase classname="com.RCCTest.TestCases.TC_StudentPortal_101" name="StudentPortal" time="13.767"/>
  <system-out/>
</testsuite> <!-- com.RCCTest.TestCases.TC_StudentPortal_101 -->
