<?xml version="1.0" encoding="UTF-8"?>
<!-- Generated by org.testng.reporters.JUnitReportReporter -->
<testsuite hostname="LAPTOP-088GH95J" failures="0" tests="1" name="com.RCCTest.TestCases.TC_MyPortalTest_100" time="2.621" errors="0" timestamp="2022-06-24T13:48:12 EDT" skipped="0">
  <testcase classname="com.RCCTest.TestCases.TC_MyPortalTest_100" name="myPortal" time="2.621"/>
  <system-out/>
</testsuite> <!-- com.RCCTest.TestCases.TC_MyPortalTest_100 -->
