<?xml version="1.0" encoding="UTF-8"?>
<!-- Generated by org.testng.reporters.JUnitReportReporter -->
<testsuite hostname="LAPTOP-088GH95J" failures="0" tests="1" name="com.RCCTest.TestData.TC_MyPortalTest_100" time="3.234" errors="0" timestamp="2022-06-22T06:06:04 EDT" skipped="0">
  <testcase classname="com.RCCTest.TestData.TC_MyPortalTest_100" name="myPortal" time="3.234"/>
  <system-out/>
</testsuite> <!-- com.RCCTest.TestData.TC_MyPortalTest_100 -->
